<?xml version="1.0" encoding="UTF-8"?>
<testng-results skipped="0" failed="0" ignored="0" total="2" passed="2">
  <reporter-output>
  </reporter-output>
  <suite name="Suite" duration-ms="3871" started-at="2021-02-24T09:50:13Z" finished-at="2021-02-24T09:50:17Z">
    <groups>
    </groups>
    <test name="Test" duration-ms="3871" started-at="2021-02-24T09:50:13Z" finished-at="2021-02-24T09:50:17Z">
      <class name="Simplilearn.Maven.AppTest">
        <test-method status="PASS" signature="testApp()[pri:0, instance:Simplilearn.Maven.AppTest@12f41634]" name="testApp" duration-ms="6" started-at="2021-02-24T09:50:13Z" finished-at="2021-02-24T09:50:13Z">
          <reporter-output>
          </reporter-output>
        </test-method> <!-- testApp -->
      </class> <!-- Simplilearn.Maven.AppTest -->
      <class name="test.Testcase1">
        <test-method status="PASS" signature="LaunchBrowser()[pri:0, instance:test.Testcase1@13c27452]" name="LaunchBrowser" is-config="true" duration-ms="1330" started-at="2021-02-24T09:50:13Z" finished-at="2021-02-24T09:50:14Z">
          <reporter-output>
          </reporter-output>
        </test-method> <!-- LaunchBrowser -->
        <test-method status="PASS" signature="LoginTest()[pri:0, instance:test.Testcase1@13c27452]" name="LoginTest" duration-ms="2449" started-at="2021-02-24T09:50:14Z" finished-at="2021-02-24T09:50:17Z">
          <reporter-output>
          </reporter-output>
        </test-method> <!-- LoginTest -->
        <test-method status="PASS" signature="CloseBrowser()[pri:0, instance:test.Testcase1@13c27452]" name="CloseBrowser" is-config="true" duration-ms="68" started-at="2021-02-24T09:50:17Z" finished-at="2021-02-24T09:50:17Z">
          <reporter-output>
          </reporter-output>
        </test-method> <!-- CloseBrowser -->
      </class> <!-- test.Testcase1 -->
    </test> <!-- Test -->
  </suite> <!-- Suite -->
</testng-results>
